<?xml version="1.0" encoding="UTF-8"?>
<!-- Generated by org.testng.reporters.JUnitReportReporter -->
<testsuite skipped="0" hostname="Dell-pc" name="Maven01.Mavenfirst.Class01" tests="1" failures="0" timestamp="27 Jan 2018 10:42:24 GMT" time="0.016" errors="0">
  <testcase name="Testcase01" time="0.016" classname="Maven01.Mavenfirst.Class01"/>
</testsuite> <!-- Maven01.Mavenfirst.Class01 -->
